TN:
SF:src/data-layer.js
FN:7,(anonymous_0)
FN:20,(anonymous_1)
FN:23,(anonymous_2)
FN:35,(anonymous_3)
FN:43,(anonymous_4)
FN:60,(anonymous_5)
FN:62,(anonymous_6)
FN:65,(anonymous_7)
FN:82,(anonymous_8)
FN:86,(anonymous_9)
FN:93,(anonymous_10)
FN:101,(anonymous_11)
FN:109,(anonymous_12)
FN:116,(anonymous_13)
FNF:14
FNH:10
FNDA:0,(anonymous_0)
FNDA:3,(anonymous_1)
FNDA:4,(anonymous_2)
FNDA:0,(anonymous_3)
FNDA:13,(anonymous_4)
FNDA:11,(anonymous_5)
FNDA:30,(anonymous_6)
FNDA:2,(anonymous_7)
FNDA:4,(anonymous_8)
FNDA:10,(anonymous_9)
FNDA:12,(anonymous_10)
FNDA:6,(anonymous_11)
FNDA:0,(anonymous_12)
FNDA:0,(anonymous_13)
DA:1,1
DA:2,1
DA:7,1
DA:8,0
DA:9,0
DA:10,0
DA:12,0
DA:13,0
DA:14,0
DA:15,0
DA:20,3
DA:23,1
DA:24,4
DA:25,4
DA:26,4
DA:27,3
DA:29,2
DA:30,2
DA:35,1
DA:36,0
DA:37,0
DA:38,0
DA:39,0
DA:43,1
DA:44,13
DA:46,13
DA:48,0
DA:49,0
DA:50,0
DA:51,0
DA:52,0
DA:53,0
DA:56,13
DA:60,1
DA:61,11
DA:62,30
DA:65,1
DA:66,2
DA:68,2
DA:70,0
DA:71,0
DA:72,0
DA:73,0
DA:77,0
DA:78,0
DA:81,2
DA:82,4
DA:86,1
DA:87,10
DA:88,10
DA:91,10
DA:92,7
DA:93,7
DA:94,12
DA:99,10
DA:100,4
DA:101,4
DA:102,6
DA:107,10
DA:108,0
DA:109,0
DA:110,0
DA:115,10
DA:116,0
DA:117,0
DA:121,10
DA:125,1
LF:67
LH:39
BRDA:8,0,0,0
BRDA:8,0,1,0
BRDA:37,1,0,0
BRDA:37,1,1,0
BRDA:43,2,0,1
BRDA:44,3,0,1
BRDA:46,4,0,0
BRDA:46,4,1,13
BRDA:49,5,0,0
BRDA:49,5,1,0
BRDA:50,6,0,0
BRDA:50,6,1,0
BRDA:53,7,0,0
BRDA:53,7,1,0
BRDA:56,8,0,13
BRDA:56,8,1,1
BRDA:60,9,0,0
BRDA:65,10,0,0
BRDA:66,11,0,0
BRDA:68,12,0,0
BRDA:68,12,1,2
BRDA:71,13,0,0
BRDA:71,13,1,0
BRDA:72,14,0,0
BRDA:72,14,1,0
BRDA:78,15,0,0
BRDA:78,15,1,0
BRDA:81,16,0,2
BRDA:81,16,1,0
BRDA:82,17,0,2
BRDA:82,17,1,1
BRDA:86,18,0,0
BRDA:86,19,0,0
BRDA:91,20,0,7
BRDA:91,20,1,3
BRDA:99,21,0,4
BRDA:99,21,1,6
BRDA:107,22,0,0
BRDA:107,22,1,10
BRDA:115,23,0,0
BRDA:115,23,1,10
BRF:41
BRH:15
end_of_record
TN:
SF:src/requests-helper.js
FN:1,(anonymous_0)
FN:8,(anonymous_1)
FNF:2
FNH:2
FNDA:3,(anonymous_0)
FNDA:7,(anonymous_1)
DA:1,1
DA:2,3
DA:3,3
DA:4,3
DA:5,3
DA:8,1
DA:9,7
DA:11,7
DA:12,1
DA:24,6
DA:25,1
DA:37,5
DA:38,1
DA:39,1
DA:40,1
DA:53,4
DA:54,2
DA:55,1
DA:68,3
DA:74,1
LF:20
LH:20
BRDA:5,0,0,3
BRDA:5,0,1,2
BRDA:11,1,0,1
BRDA:11,1,1,6
BRDA:11,2,0,7
BRDA:11,2,1,1
BRDA:24,3,0,1
BRDA:24,3,1,5
BRDA:24,4,0,6
BRDA:24,4,1,2
BRDA:24,4,2,2
BRDA:37,5,0,1
BRDA:37,5,1,4
BRDA:39,6,0,1
BRDA:39,6,1,0
BRDA:53,7,0,2
BRDA:53,7,1,2
BRDA:54,8,0,1
BRDA:54,8,1,1
BRDA:54,9,0,2
BRDA:54,9,1,2
BRF:21
BRH:20
end_of_record
